c:\users\76886\desktop\stardew-valley\stardewvalley\proj.win32\debug.win32\helloworldscene.obj
c:\users\76886\desktop\stardew-valley\stardewvalley\proj.win32\debug.win32\main.obj
c:\users\76886\desktop\stardew-valley\stardewvalley\proj.win32\debug.win32\appdelegate.obj
c:\users\76886\desktop\stardew-valley\stardewvalley\proj.win32\debug.win32\authorlistscene.obj
c:\users\76886\desktop\stardew-valley\stardewvalley\proj.win32\debug.win32\vc143.pdb
c:\users\76886\desktop\stardew-valley\stardewvalley\proj.win32\debug.win32\vc143.idb
c:\users\76886\desktop\stardew-valley\stardewvalley\proj.win32\stardewvalley.cab
c:\users\76886\desktop\stardew-valley\stardewvalley\proj.win32\debug.win32\stardewvalley.exe
c:\users\76886\desktop\stardew-valley\stardewvalley\proj.win32\debug.win32\stardewvalley.pdb
c:\users\76886\desktop\stardew-valley\stardewvalley\proj.win32\debug.win32\game.res
c:\users\76886\desktop\stardew-valley\stardewvalley\proj.win32\debug.win32\stardewvalley.lib
c:\users\76886\desktop\stardew-valley\stardewvalley\proj.win32\debug.win32\stardewvalley.exp
c:\users\76886\desktop\stardew-valley\stardewvalley\proj.win32\debug.win32\stardewvalley.ilk
c:\users\76886\desktop\stardew-valley\stardewvalley\proj.win32\debug.win32\authorlist.obj
c:\users\76886\desktop\stardew-valley\stardewvalley\proj.win32\debug.win32\libcocos2d.exp
c:\users\76886\desktop\stardew-valley\stardewvalley\proj.win32\debug.win32\libspine.idb
c:\users\76886\desktop\stardew-valley\stardewvalley\proj.win32\debug.win32\libcocos2d.pdb
c:\users\76886\desktop\stardew-valley\stardewvalley\proj.win32\debug.win32\librecast.pdb
c:\users\76886\desktop\stardew-valley\stardewvalley\proj.win32\debug.win32\libspine.pdb
c:\users\76886\desktop\stardew-valley\stardewvalley\proj.win32\debug.win32\stardewvalley.tlog\cl.command.1.tlog
c:\users\76886\desktop\stardew-valley\stardewvalley\proj.win32\debug.win32\stardewvalley.tlog\cl.items.tlog
c:\users\76886\desktop\stardew-valley\stardewvalley\proj.win32\debug.win32\stardewvalley.tlog\cl.read.1.tlog
c:\users\76886\desktop\stardew-valley\stardewvalley\proj.win32\debug.win32\stardewvalley.tlog\cl.write.1.tlog
c:\users\76886\desktop\stardew-valley\stardewvalley\proj.win32\debug.win32\stardewvalley.tlog\custombuildstep.read.1u.tlog
c:\users\76886\desktop\stardew-valley\stardewvalley\proj.win32\debug.win32\stardewvalley.tlog\custombuildstep.write.1u.tlog
c:\users\76886\desktop\stardew-valley\stardewvalley\proj.win32\debug.win32\stardewvalley.tlog\link.command.1.tlog
c:\users\76886\desktop\stardew-valley\stardewvalley\proj.win32\debug.win32\stardewvalley.tlog\link.read.1.tlog
c:\users\76886\desktop\stardew-valley\stardewvalley\proj.win32\debug.win32\stardewvalley.tlog\link.secondary.1.tlog
c:\users\76886\desktop\stardew-valley\stardewvalley\proj.win32\debug.win32\stardewvalley.tlog\link.write.1.tlog
c:\users\76886\desktop\stardew-valley\stardewvalley\proj.win32\debug.win32\stardewvalley.tlog\rc.command.1.tlog
c:\users\76886\desktop\stardew-valley\stardewvalley\proj.win32\debug.win32\stardewvalley.tlog\rc.read.1.tlog
c:\users\76886\desktop\stardew-valley\stardewvalley\proj.win32\debug.win32\stardewvalley.tlog\rc.write.1.tlog
